<?xml version="1.0" encoding="UTF-8"?>
<!-- Generated by org.testng.reporters.JUnitReportReporter -->
<testsuite skipped="0" hostname="DESKTOP-GC0N9V1" name="MockRooDataValidation" tests="12" failures="0" timestamp="29 Jun 2018 04:42:12 GMT" time="14.174" errors="0">
  <testcase name="getTitle" time="0.017" classname="MockRooDataValidation"/>
  <testcase name="getDisplayed" time="0.094" classname="MockRooDataValidation"/>
  <testcase name="RemoveFields" time="0.524" classname="MockRooDataValidation"/>
  <testcase name="checkLabelsDisplayed" time="0.134" classname="MockRooDataValidation"/>
  <testcase name="TestAddAnotherFieldEnabled" time="0.037" classname="MockRooDataValidation"/>
  <testcase name="TestDefaultNumberofRows" time="0.032" classname="MockRooDataValidation"/>
  <testcase name="TestDefaultFormatSelection" time="0.031" classname="MockRooDataValidation"/>
  <testcase name="TestDefaultLineEnding" time="0.102" classname="MockRooDataValidation"/>
  <testcase name="TestHeaderChecked" time="0.079" classname="MockRooDataValidation"/>
  <testcase name="EnterCityName" time="2.080" classname="MockRooDataValidation"/>
  <testcase name="EnterCountryName" time="6.657" classname="MockRooDataValidation"/>
  <testcase name="DownloadData" time="4.387" classname="MockRooDataValidation"/>
</testsuite> <!-- MockRooDataValidation -->
